<?xml version="1.0" encoding="UTF-8"?>
<testsuite xmlns:xsi="http://www.w3.org/2001/XMLSchema-instance" xsi:noNamespaceSchemaLocation="https://maven.apache.org/surefire/maven-surefire-plugin/xsd/surefire-test-report.xsd" version="3.0.2" name="com.Vehicle.Car.MyOwnAutoShop.MyOwnAutoShopApplicationTests" time="12.663" tests="1" errors="0" skipped="0" failures="0">
  <properties>
[...]
</properties>
  <testcase name="contextLoads" classname="com.Vehicle.Car.MyOwnAutoShop.MyOwnAutoShopApplicationTests" time="0.513">
    <system-out><![CDATA[00:01:22.352 [main] INFO org.springframework.test.context.support.AnnotationConfigContextLoaderUtils -- Could not detect default configuration classes for test class [com.Vehicle.Car.MyOwnAutoShop.MyOwnAutoShopApplicationTests]: MyOwnAutoShopApplicationTests does not declare any static, non-private, non-final, nested classes annotated with @Configuration.
00:01:22.503 [main] INFO org.springframework.boot.test.context.SpringBootTestContextBootstrapper -- Found @SpringBootConfiguration com.vehicle.car.AutoShopApplication for test class com.Vehicle.Car.MyOwnAutoShop.MyOwnAutoShopApplicationTests
00:01:22.759 [main] INFO org.springframework.boot.devtools.restart.RestartApplicationListener -- Restart disabled due to context in which it is running

  .   ____          _            __ _ _
 /\\ / ___'_ __ _ _(_)_ __  __ _ \ \ \ \
( ( )\___ | '_ | '_| | '_ \/ _` | \ \ \ \
 \\/  ___)| |_)| | | | | || (_| |  ) ) ) )
  '  |____| .__|_| |_|_| |_\__, | / / / /
 =========|_|==============|___/=/_/_/_/

 :: Spring Boot ::                (v3.4.4)

2025-04-10T00:01:23.156+05:30  INFO 9408 --- [           main] c.V.C.M.MyOwnAutoShopApplicationTests    : Starting MyOwnAutoShopApplicationTests using Java 21.0.5 with PID 9408 (started by DELL in C:\Users\DELL\OneDrive\Desktop\CTS PROJECTS\CTS_Null_Pointers\Vehicle-shiva\Test-Deploy)
2025-04-10T00:01:23.157+05:30  INFO 9408 --- [           main] c.V.C.M.MyOwnAutoShopApplicationTests    : No active profile set, falling back to 1 default profile: "default"
2025-04-10T00:01:24.279+05:30  INFO 9408 --- [           main] .s.d.r.c.RepositoryConfigurationDelegate : Bootstrapping Spring Data JPA repositories in DEFAULT mode.
2025-04-10T00:01:24.381+05:30  INFO 9408 --- [           main] .s.d.r.c.RepositoryConfigurationDelegate : Finished Spring Data repository scanning in 87 ms. Found 5 JPA repository interfaces.
2025-04-10T00:01:24.922+05:30  INFO 9408 --- [           main] o.hibernate.jpa.internal.util.LogHelper  : HHH000204: Processing PersistenceUnitInfo [name: default]
2025-04-10T00:01:25.013+05:30  INFO 9408 --- [           main] org.hibernate.Version                    : HHH000412: Hibernate ORM core version 6.6.11.Final
2025-04-10T00:01:25.073+05:30  INFO 9408 --- [           main] o.h.c.internal.RegionFactoryInitiator    : HHH000026: Second-level cache disabled
2025-04-10T00:01:25.591+05:30  INFO 9408 --- [           main] o.s.o.j.p.SpringPersistenceUnitInfo      : No LoadTimeWeaver setup: ignoring JPA class transformer
2025-04-10T00:01:25.626+05:30  INFO 9408 --- [           main] com.zaxxer.hikari.HikariDataSource       : HikariPool-1 - Starting...
2025-04-10T00:01:28.516+05:30  INFO 9408 --- [           main] com.zaxxer.hikari.pool.HikariPool        : HikariPool-1 - Added connection org.postgresql.jdbc.PgConnection@18dd7767
2025-04-10T00:01:28.518+05:30  INFO 9408 --- [           main] com.zaxxer.hikari.HikariDataSource       : HikariPool-1 - Start completed.
2025-04-10T00:01:28.786+05:30  WARN 9408 --- [           main] org.hibernate.orm.deprecation            : HHH90000025: PostgreSQLDialect does not need to be specified explicitly using 'hibernate.dialect' (remove the property setting and it will be selected by default)
2025-04-10T00:01:29.259+05:30  INFO 9408 --- [           main] org.hibernate.orm.connections.pooling    : HHH10001005: Database info:
	Database JDBC URL [Connecting through datasource 'HikariDataSource (HikariPool-1)']
	Database driver: undefined/unknown
	Database version: 16.8
	Autocommit mode: undefined/unknown
	Isolation level: undefined/unknown
	Minimum pool size: undefined/unknown
	Maximum pool size: undefined/unknown
2025-04-10T00:01:30.286+05:30  INFO 9408 --- [           main] o.h.e.t.j.p.i.JtaPlatformInitiator       : HHH000489: No JTA platform available (set 'hibernate.transaction.jta.platform' to enable JTA platform integration)
Hibernate: create table car (type varchar(31) not null, id bigint generated by default as identity, color varchar(255), fuel_type varchar(255), mileage integer not null, model varchar(255), regular_price float(53) not null, speed integer not null, transmission varchar(255), primary key (id))
Hibernate: create table coupe (is_convertible boolean not null, seat_count integer not null, car_id bigint not null, primary key (car_id))
Hibernate: create table hatchback (bootspace float(53) not null, car_id bigint not null, primary key (car_id))
Hibernate: create table sedan (has_sunroof boolean not null, manufacturer_discount float(53) not null, year integer not null, car_id bigint not null, primary key (car_id))
Hibernate: create table suv (has_third_row_seat boolean not null, is4wd boolean not null, weight integer not null, car_id bigint not null, primary key (car_id))
Hibernate: alter table if exists coupe add constraint FKph0axja77dq5hofsmtavi3aad foreign key (car_id) references car
Hibernate: alter table if exists hatchback add constraint FK74mbn3h2w1t0rub2fbha4mivp foreign key (car_id) references car
Hibernate: alter table if exists sedan add constraint FKbglt6rfmoj5bh1qkjvvvh67ca foreign key (car_id) references car
Hibernate: alter table if exists suv add constraint FK5y0vcsrwyvqhgudbtbobafy4g foreign key (car_id) references car
2025-04-10T00:01:33.219+05:30  INFO 9408 --- [           main] j.LocalContainerEntityManagerFactoryBean : Initialized JPA EntityManagerFactory for persistence unit 'default'
2025-04-10T00:01:33.813+05:30  WARN 9408 --- [           main] JpaBaseConfiguration$JpaWebConfiguration : spring.jpa.open-in-view is enabled by default. Therefore, database queries may be performed during view rendering. Explicitly configure spring.jpa.open-in-view to disable this warning
2025-04-10T00:01:33.846+05:30  INFO 9408 --- [           main] o.s.b.a.w.s.WelcomePageHandlerMapping    : Adding welcome page: class path resource [static/index.html]
2025-04-10T00:01:34.302+05:30  INFO 9408 --- [           main] c.V.C.M.MyOwnAutoShopApplicationTests    : Started MyOwnAutoShopApplicationTests in 11.563 seconds (process running for 12.821)
]]></system-out>
    <system-err><![CDATA[Mockito is currently self-attaching to enable the inline-mock-maker. This will no longer work in future releases of the JDK. Please add Mockito as an agent to your build what is described in Mockito's documentation: https://javadoc.io/doc/org.mockito/mockito-core/latest/org/mockito/Mockito.html#0.3
WARNING: A Java agent has been loaded dynamically (C:\Users\DELL\.m2\repository\net\bytebuddy\byte-buddy-agent\1.15.11\byte-buddy-agent-1.15.11.jar)
WARNING: If a serviceability tool is in use, please run with -XX:+EnableDynamicAgentLoading to hide this warning
WARNING: If a serviceability tool is not in use, please run with -Djdk.instrument.traceUsage for more information
WARNING: Dynamic loading of agents will be disallowed by default in a future release
]]></system-err>
  </testcase>
</testsuite>